<?xml version='1.0' encoding='UTF-8'?>
<testsuite hostname="dhcp-10-24-6-166.wlan.ntnu.no" name="AccountTests" tests="6" errors="0" failures="0" skipped="0" time="2.284" timestamp="2019-10-28T12:22:57">
                     <properties>
[...]
</properties>
                     <testcase classname="AccountTests" name="Test 01: Valid account withdrawal" time="0.034">
                                                 
                                               </testcase><testcase classname="AccountTests" name="Test 02: Invalid account withdrawal should throw exception" time="0.0">
                                                 
                                               </testcase><testcase classname="AccountTests" name="Test 03: Withdrawal of negative amount should throw exception" time="0.0">
                                                 
                                               </testcase><testcase classname="AccountTests" name="Test 04: Valid account deposit" time="0.001">
                                                 
                                               </testcase><testcase classname="AccountTests" name="Test 05: Deposit of negative amount should throw exception" time="0.001">
                                                 
                                               </testcase><testcase classname="AccountTests" name="Test 06: Correct balance amount after several withdrawals and deposits" time="2.248">
                                                 
                                               </testcase>
                     <system-out><![CDATA[]]></system-out>
                     <system-err><![CDATA[]]></system-err>
                   </testsuite>