<?xml version='1.0' encoding='UTF-8'?>
<testsuite hostname="Maries-MacBook-Pro-2.local" name="AccountTransferTests" tests="6" errors="0" failures="0" skipped="0" time="31.792" timestamp="2019-10-26T18:22:35">
                     <properties>
[...]
</properties>
                     <testcase classname="AccountTransferTests" name="Test 07: Valid transfer between accounts" time="0.128">
                                                 
                                               </testcase><testcase classname="AccountTransferTests" name="Test 08: Transfer of negative amount between accounts should fail" time="0.208">
                                                 
                                               </testcase><testcase classname="AccountTransferTests" name="Test 09: Invalid transfer between accounts due to insufficient funds should lead to transaction status FAILED and no money should be transferred between accounts" time="0.207">
                                                 
                                               </testcase><testcase classname="AccountTransferTests" name="Test 10: Correct balance amounts after several transfers" time="0.131">
                                                 
                                               </testcase><testcase classname="AccountTransferTests" name="Test 11: Failed transactions should retry and potentially succeed with multiple allowed attempts" time="20.736">
                                                 
                                               </testcase><testcase classname="AccountTransferTests" name="Test 12: Some transactions should be stopped with only one allowed attempt" time="10.382">
                                                 
                                               </testcase>
                     <system-out><![CDATA[]]></system-out>
                     <system-err><![CDATA[]]></system-err>
                   </testsuite>